<?xml version="1.0" encoding="UTF-8"?>
<testng-results ignored="0" total="1" passed="1" failed="0" skipped="0">
  <reporter-output>
  </reporter-output>
  <suite started-at="2023-04-02T23:31:27 BST" name="Suite" finished-at="2023-04-02T23:31:38 BST" duration-ms="11398">
    <groups>
    </groups>
    <test started-at="2023-04-02T23:31:27 BST" name="Test" finished-at="2023-04-02T23:31:38 BST" duration-ms="11398">
      <class name="BBC.Website.BbcWebsite">
        <test-method signature="loginPage()[pri:0, instance:BBC.Website.BbcWebsite@28f2a10f]" started-at="2023-04-02T23:31:27 BST" name="loginPage" finished-at="2023-04-02T23:31:38 BST" duration-ms="11364" status="PASS">
          <reporter-output>
          </reporter-output>
        </test-method> <!-- loginPage -->
      </class> <!-- BBC.Website.BbcWebsite -->
    </test> <!-- Test -->
  </suite> <!-- Suite -->
</testng-results>
